<?xml version="1.0" encoding="UTF-8"?>
<!-- Generated by org.testng.reporters.JUnitReportReporter -->
<testsuite hostname="DESKTOP-T14N3G6" failures="0" tests="9" name="Prelogin.AboutPartnerPages" time="76.416" errors="0" timestamp="2024-04-22T11:32:14 IST" skipped="0">
  <testcase classname="Prelogin.AboutPartnerPages" name="b2_section1" time="4.681"/>
  <system-out/>
  <testcase classname="Prelogin.AboutPartnerPages" name="b3_section2" time="27.286"/>
  <system-out/>
  <testcase classname="Prelogin.AboutPartnerPages" name="b4_section3" time="8.223"/>
  <system-out/>
  <testcase classname="Prelogin.AboutPartnerPages" name="a1_aboutPage" time="4.019"/>
  <system-out/>
  <testcase classname="Prelogin.AboutPartnerPages" name="b1_partnerPage" time="9.428"/>
  <system-out/>
  <testcase classname="Prelogin.AboutPartnerPages" name="a4_section3" time="10.058"/>
  <system-out/>
  <testcase classname="Prelogin.AboutPartnerPages" name="a3_section2" time="5.353"/>
  <system-out/>
  <testcase classname="Prelogin.AboutPartnerPages" name="a5_section4" time="7.197"/>
  <system-out/>
  <testcase classname="Prelogin.AboutPartnerPages" name="a2_section1" time="0.171"/>
  <system-out/>
</testsuite> <!-- Prelogin.AboutPartnerPages -->
